\BOOKMARK [0][-]{section*.2}{Preservation of quantum non-bilocal correlations in decoherence induced entanglement-swapping experiments}{}% 2
\BOOKMARK [1][-]{section*.1}{Abstract}{section*.2}% 1
\BOOKMARK [1][-]{section*.3}{Introduction}{section*.2}% 3
\BOOKMARK [1][-]{section*.5}{Overview of bilocal correlations}{section*.2}% 4
\BOOKMARK [2][-]{section*.6}{Scenario of binary inputs and outputs}{section*.5}% 5
\BOOKMARK [2][-]{section*.7}{Scenario of one input and four outputs for Bob}{section*.5}% 6
\BOOKMARK [2][-]{section*.8}{Scenario of one input and three outputs for Bob}{section*.5}% 7
\BOOKMARK [1][-]{section*.9}{Technique of weak measurement in the presence of decoherence}{section*.2}% 8
\BOOKMARK [1][-]{section*.10}{Bilocal correlations in the presence of decoherence}{section*.2}% 9
\BOOKMARK [2][-]{section*.11}{Scenario of binary inputs and outputs}{section*.10}% 10
\BOOKMARK [3][-]{section*.12}{Case-1}{section*.11}% 11
\BOOKMARK [3][-]{section*.14}{Case-2}{section*.11}% 12
\BOOKMARK [2][-]{section*.15}{Scenario of one input and four outputs for Bob}{section*.10}% 13
\BOOKMARK [3][-]{section*.16}{Case-1}{section*.15}% 14
\BOOKMARK [3][-]{section*.18}{Case-2}{section*.15}% 15
\BOOKMARK [2][-]{section*.19}{Scenario of one input and three outputs for Bob}{section*.10}% 16
\BOOKMARK [3][-]{section*.20}{Case-1}{section*.19}% 17
\BOOKMARK [3][-]{section*.22}{Case-2}{section*.19}% 18
\BOOKMARK [1][-]{section*.23}{Shielding of non-bilocal correlations using the technique of weak measurement}{section*.2}% 19
\BOOKMARK [2][-]{section*.24}{Scenario of binary inputs and outputs}{section*.23}% 20
\BOOKMARK [3][-]{section*.25}{Case-1}{section*.24}% 21
\BOOKMARK [3][-]{section*.27}{Case-2}{section*.24}% 22
\BOOKMARK [2][-]{section*.28}{Scenario of one input and four outputs for Bob}{section*.23}% 23
\BOOKMARK [3][-]{section*.29}{Case-1}{section*.28}% 24
\BOOKMARK [3][-]{section*.31}{Case-2}{section*.28}% 25
\BOOKMARK [2][-]{section*.32}{Scenario of one input and three outputs for Bob}{section*.23}% 26
\BOOKMARK [3][-]{section*.33}{Case-1}{section*.32}% 27
\BOOKMARK [3][-]{section*.35}{Case-2}{section*.32}% 28
\BOOKMARK [1][-]{section*.37}{Improvement in the average of non-bilocal correlations}{section*.2}% 29
\BOOKMARK [1][-]{section*.38}{Conclusion}{section*.2}% 30
\BOOKMARK [1][-]{section*.39}{References}{section*.2}% 31
